0 Steroid_hormones.Estrogen_biosynthesis.Estrogen_biosynthesis
1 Steroid_hormones.Glucocorticoid_biosynthesis.Glucocorticoid_biosynthesis
2 Steroid_hormones.Mineralocorticoid_biosynthesis.Mineralocorticoid_biosynthesis
3 Steroid_hormones.Pregnenolone_biosynthesis.Pregnenolone_biosynthesis
4 Steroid_hormones.Vitamin_D_(calciferol)_metabolism.Vitamin_D_(calciferol)_metabolism
5 Transmembrane_transport_of_small_molecules.ABC-family_proteins_mediated_transport.ABCA_transporters_in_lipid_homeostasis
6 Transmembrane_transport_of_small_molecules.ABC-family_proteins_mediated_transport.Mitochondrial_ABC_transporters
7 Transmembrane_transport_of_small_molecules.ABCA_transporters_in_lipid_homeostasis.ABCA_transporters_in_lipid_homeostasis
8 Transmembrane_transport_of_small_molecules.Amino_acid_transport_across_the_plasma_membrane.Amino_acid_transport_across_the_plasma_membrane
9 Transmembrane_transport_of_small_molecules.Aquaporin-mediated_transport.Passive_Transport_by_Aquaporins
10 Transmembrane_transport_of_small_molecules.Aquaporin-mediated_transport.Regulation_of_Water_Balance_by_Renal_Aquaporins
11 Transmembrane_transport_of_small_molecules.Aquaporin-mediated_transport.Transport_of_Glycerol_from_Adipocytes_to_the_Liver_by_Aquaporins
12 Transmembrane_transport_of_small_molecules.Bicarbonate_transporters.Bicarbonate_transporters
13 Transmembrane_transport_of_small_molecules.Cation-coupled_Chloride_cotransporters.Cation-coupled_Chloride_cotransporters
14 Transmembrane_transport_of_small_molecules.Class_II_GLUTs.Class_II_GLUTs
15 Transmembrane_transport_of_small_molecules.Facilitative_Na+-independent_glucose_transporters.Class_II_GLUTs
16 Transmembrane_transport_of_small_molecules.Glucose_transport.Regulation_of_Glucokinase_by_Glucokinase_Regulatory_Protein
17 Transmembrane_transport_of_small_molecules.Hexose_uptake.Regulation_of_Glucokinase_by_Glucokinase_Regulatory_Protein
18 Transmembrane_transport_of_small_molecules.Inositol_transporters.Inositol_transporters
19 Transmembrane_transport_of_small_molecules.Ion_channel_transport.Ion_transport_by_P-type_ATPases
20 Transmembrane_transport_of_small_molecules.Ion_channel_transport.Ligand-gated_ion_channel_transport
21 Transmembrane_transport_of_small_molecules.Ion_channel_transport.TRP_channels
22 Transmembrane_transport_of_small_molecules.Ion_transport_by_P-type_ATPases.Ion_transport_by_P-type_ATPases
23 Transmembrane_transport_of_small_molecules.Iron_uptake_and_transport.Transferrin_endocytosis_and_recycling
24 Transmembrane_transport_of_small_molecules.Ligand-gated_ion_channel_transport.Ligand-gated_ion_channel_transport
25 Transmembrane_transport_of_small_molecules.Metal_ion_SLC_transporters.Zinc_efflux_and_compartmentalization_by_the_SLC30_family
26 Transmembrane_transport_of_small_molecules.Metal_ion_SLC_transporters.Zinc_influx_into_cells_by_the_SLC39_gene_family
27 Transmembrane_transport_of_small_molecules.Mitochondrial_ABC_transporters.Mitochondrial_ABC_transporters
28 Transmembrane_transport_of_small_molecules.Multifunctional_anion_exchangers.Multifunctional_anion_exchangers
29 Transmembrane_transport_of_small_molecules.Na+-dependent_glucose_transporters.Na+-dependent_glucose_transporters
30 Transmembrane_transport_of_small_molecules.Na+/Cl-_dependent_neurotransmitter_transporters.Na+/Cl-_dependent_neurotransmitter_transporters
31 Transmembrane_transport_of_small_molecules.Organic_anion_transport.Organic_anion_transport
32 Transmembrane_transport_of_small_molecules.Organic_anion_transporters.Organic_anion_transporters
33 Transmembrane_transport_of_small_molecules.Organic_cation_transport.Organic_cation_transport
34 Transmembrane_transport_of_small_molecules.Organic_cation/anion/zwitterion_transport.Organic_anion_transport
35 Transmembrane_transport_of_small_molecules.Organic_cation/anion/zwitterion_transport.Organic_cation_transport
36 Transmembrane_transport_of_small_molecules.Passive_Transport_by_Aquaporins.Passive_Transport_by_Aquaporins
37 Transmembrane_transport_of_small_molecules.Proton-coupled_monocarboxylate_transport.Proton-coupled_monocarboxylate_transport
38 Transmembrane_transport_of_small_molecules.Proton-coupled_neutral_amino_acid_transporters.Proton-coupled_neutral_amino_acid_transporters
39 Transmembrane_transport_of_small_molecules.Proton/oligonucleotide_cotransporters.Proton/oligonucleotide_cotransporters
40 Transmembrane_transport_of_small_molecules.Regulation_of_Glucokinase_by_Glucokinase_Regulatory_Protein.Regulation_of_Glucokinase_by_Glucokinase_Regulatory_Protein
41 Transmembrane_transport_of_small_molecules.Regulation_of_Water_Balance_by_Renal_Aquaporins.Regulation_of_Water_Balance_by_Renal_Aquaporins
42 Transmembrane_transport_of_small_molecules.Rhesus_glycoproteins_mediate_ammonium_transport.Rhesus_glycoproteins_mediate_ammonium_transport
43 Transmembrane_transport_of_small_molecules.SLC-mediated_transmembrane_transport.Amino_acid_transport_across_the_plasma_membrane
44 Transmembrane_transport_of_small_molecules.SLC-mediated_transmembrane_transport.Bicarbonate_transporters
45 Transmembrane_transport_of_small_molecules.SLC-mediated_transmembrane_transport.Cation-coupled_Chloride_cotransporters
46 Transmembrane_transport_of_small_molecules.SLC-mediated_transmembrane_transport.Class_II_GLUTs
47 Transmembrane_transport_of_small_molecules.SLC-mediated_transmembrane_transport.Inositol_transporters
48 Transmembrane_transport_of_small_molecules.SLC-mediated_transmembrane_transport.Multifunctional_anion_exchangers
49 Transmembrane_transport_of_small_molecules.SLC-mediated_transmembrane_transport.Na+-dependent_glucose_transporters
50 Transmembrane_transport_of_small_molecules.SLC-mediated_transmembrane_transport.Na+/Cl-_dependent_neurotransmitter_transporters
51 Transmembrane_transport_of_small_molecules.SLC-mediated_transmembrane_transport.Organic_anion_transport
52 Transmembrane_transport_of_small_molecules.SLC-mediated_transmembrane_transport.Organic_anion_transporters
53 Transmembrane_transport_of_small_molecules.SLC-mediated_transmembrane_transport.Organic_cation_transport
54 Transmembrane_transport_of_small_molecules.SLC-mediated_transmembrane_transport.Proton-coupled_monocarboxylate_transport
55 Transmembrane_transport_of_small_molecules.SLC-mediated_transmembrane_transport.Proton-coupled_neutral_amino_acid_transporters
56 Transmembrane_transport_of_small_molecules.SLC-mediated_transmembrane_transport.Proton/oligonucleotide_cotransporters
57 Transmembrane_transport_of_small_molecules.SLC-mediated_transmembrane_transport.Regulation_of_Glucokinase_by_Glucokinase_Regulatory_Protein
58 Transmembrane_transport_of_small_molecules.SLC-mediated_transmembrane_transport.Rhesus_glycoproteins_mediate_ammonium_transport
59 Transmembrane_transport_of_small_molecules.SLC-mediated_transmembrane_transport.Sodium-coupled_sulphate,_di-_and_tri-carboxylate_transporters
60 Transmembrane_transport_of_small_molecules.SLC-mediated_transmembrane_transport.Sodium/Calcium_exchangers