0 1
1 1
2 1
3 1
4 0
5 0
6 0
7 0
8 0
9 1
10 1
11 1
12 1
13 0
14 0
15 0
16 1
17 1
18 0
19 0
20 0
21 0
22 0
23 0
24 1
25 1
26 1
27 0
28 0
29 1
30 1
31 1
32 1
33 0
34 0
35 1
36 0
37 1
38 1
39 1
40 1
41 0
42 1
43 1
44 1
45 1
46 0
47 1
48 1
49 0
50 1
51 1
52 1
53 1
54 0
55 0
56 0
57 0
58 0
59 0
60 1
61 0
62 0
63 1
64 1
65 0
66 0
67 1
68 1
69 1
70 1
71 1
72 1
73 1
74 1
75 1
76 0
77 1
78 0
79 1
80 1
81 0
82 0
83 0
84 1
85 1
86 1
87 0
88 0
89 1
90 1
91 1
92 1
93 0
94 0
95 1
96 1
97 1
98 1
99 1
100 1
101 1
102 1
103 1
104 1
105 1
106 0
107 1
108 1
109 0
110 0
111 1
112 1
113 1
114 0
115 1
116 0
117 1
118 0
119 0
120 1
121 1
122 1
123 0
124 1
125 0
126 1
127 0
128 1
129 0
130 1
131 0
132 0
133 0
134 0
135 0
136 1
137 1
138 0
139 1
140 1
141 1
142 1
143 0
144 0
145 0
146 1
147 0
148 0
149 1
150 0
151 1
152 1
153 0
154 1
155 0
156 0
157 0
158 0
159 1
160 1
161 0
162 1
163 0
164 0
165 0
166 0
167 1
168 0
169 1
170 0
