0 ABC-family_proteins_mediated_transport.ABC-family_proteins_mediated_transport.ABC-family_proteins_mediated_transport
1 ABC-family_proteins_mediated_transport.ABCA_transporters_in_lipid_homeostasis.ABCA_transporters_in_lipid_homeostasis
2 ABC-family_proteins_mediated_transport.Mitochondrial_ABC_transporters.Mitochondrial_ABC_transporters
3 Apoptosis.Apoptotic_execution__phase.Apoptotic_execution__phase
4 Apoptosis.Apoptotic_execution__phase.Apoptosis_induced_DNA_fragmentation
5 Apoptosis.Apoptotic_execution__phase.Apoptotic_cleavage_of_cellular_proteins
6 Apoptosis.Apoptotic_execution__phase.Stimulation_of_the_cell_death_response_by_PAK-2p34
7 Apoptosis.Extrinsic_Pathway_for_Apoptosis.Caspase-8_activation
8 Apoptosis.Extrinsic_Pathway_for_Apoptosis.Death_Receptor__Signalling
9 Apoptosis.Extrinsic_Pathway_for_Apoptosis.Regulation_by_c-FLIP
10 Apoptosis.Intrinsic_Pathway_for_Apoptosis.Activation_and_oligomerization_of_BAK_protein
11 Apoptosis.Intrinsic_Pathway_for_Apoptosis.Activation_of_BH3-only_proteins
12 Apoptosis.Intrinsic_Pathway_for_Apoptosis.Activation,_myristolyation_of_BID_and_translocation_to_mitochondria
13 Apoptosis.Intrinsic_Pathway_for_Apoptosis.Activation,_translocation_and_oligomerization_of_BAX
14 Apoptosis.Intrinsic_Pathway_for_Apoptosis.Apoptotic_factor-mediated_response
15 Apoptosis.Intrinsic_Pathway_for_Apoptosis.BH3-only_proteins_associate_with_and_inactivate_anti-apoptotic_BCL-2_members
16 Apoptosis.Intrinsic_Pathway_for_Apoptosis.Permeabilization_of_mitochondria
17 Apoptosis.Intrinsic_Pathway_for_Apoptosis.Release_of_apoptotic_factors_from_the_mitochondria
18 Apoptosis.Regulation_of_Apoptosis.Regulation_of_PAK-2p34_activity_by_PS-GAP/RHG10
19 Apoptosis.Regulation_of_Apoptosis.Regulation_of_activated_PAK-2p34_by_proteasome_mediated_degradation
20 Apoptosis.Regulation_of_Apoptosis.Role_of_DCC_in_regulating_apoptosis
21 Aquaporin-mediated_transport.Passive_Transport_by_Aquaporins.Passive_Transport_by_Aquaporins
22 Aquaporin-mediated_transport.Regulation_of_Water_Balance_by_Renal_Aquaporins.Regulation_of_Water_Balance_by_Renal_Aquaporins
23 Aquaporin-mediated_transport.Transport_of_Glycerol_from_Adipocytes_to_the_Liver_by_Aquaporins.Transport_of_Glycerol_from_Adipocytes_to_the_Liver_by_Aquaporins
24 Binding_and_Uptake_of_Ligands_by_Scavenger_Receptors.Scavenging_by_Class_A_Receptors.Scavenging_by_Class_A_Receptors
25 Binding_and_Uptake_of_Ligands_by_Scavenger_Receptors.Scavenging_by_Class_B_Receptors.Scavenging_by_Class_B_Receptors
26 Binding_and_Uptake_of_Ligands_by_Scavenger_Receptors.Scavenging_by_Class_F_Receptors.Scavenging_by_Class_F_Receptors
27 Binding_and_Uptake_of_Ligands_by_Scavenger_Receptors.Scavenging_by_Class_H_Receptors.Scavenging_by_Class_H_Receptors
28 Binding_and_Uptake_of_Ligands_by_Scavenger_Receptors.Scavenging_of_Heme_from_Plasma.Scavenging_of_Heme_from_Plasma
29 Cell_Cycle.Cell_Cycle_Checkpoints.G1/S_DNA_Damage_Checkpoints
30 Cell_Cycle.Cell_Cycle_Checkpoints.G2/M_Checkpoints
31 Cell_Cycle.Cell_Cycle_Checkpoints.Mitotic_Spindle_Checkpoint
32 Cell_Cycle.Cell_Cycle,_Mitotic.M_Phase
33 Cell_Cycle.Cell_Cycle,_Mitotic.M/G1_Transition
34 Cell_Cycle.Cell_Cycle,_Mitotic.Mitotic_G1-G1/S_phases
35 Cell_Cycle.Cell_Cycle,_Mitotic.Mitotic_G2-G2/M_phases
36 Cell_Cycle.Cell_Cycle,_Mitotic.Regulation_of_DNA_replication
37 Cell_Cycle.Cell_Cycle,_Mitotic.Regulation_of_mitotic_cell_cycle
38 Cell_Cycle.Cell_Cycle,_Mitotic.S_Phase
39 Cell_Cycle.Chromosome_Maintenance.Meiotic_Synapsis
40 Cell_Cycle.Chromosome_Maintenance.Nucleosome_assembly
41 Cell_Cycle.Chromosome_Maintenance.Telomere_Maintenance
42 Cell-Cell_communication.Cell_junction_organization.Cell-cell_junction_organization
43 Cell-Cell_communication.Cell_junction_organization.Cell-extracellular_matrix_interactions
44 Cell-Cell_communication.Cell_junction_organization.Type_I_hemidesmosome_assembly
45 Cell-Cell_communication.DSCAM_interactions.DSCAM_interactions
46 Cell-Cell_communication.Nephrin_interactions.Nephrin_interactions
47 Cell-Cell_communication.Signal_regulatory_protein_(SIRP)_family_interactions.Signal_regulatory_protein_(SIRP)_family_interactions
48 Cellular_responses_to_stress.Cellular_Senescence.DNA_Damage/Telomere_Stress_Induced_Senescence
49 Cellular_responses_to_stress.Cellular_Senescence.Oncogene_Induced_Senescence
50 Cellular_responses_to_stress.Cellular_Senescence.Oxidative_Stress_Induced_Senescence
51 Cellular_responses_to_stress.Cellular_Senescence.Senescence-Associated_Secretory_Phenotype_(SASP)
52 Cellular_responses_to_stress.Cellular_response_to_hypoxia.Regulation_of_Hypoxia-inducible_Factor_(HIF)_by_Oxygen
53 Circadian_Clock.Circadian_Clock.Circadian_Clock
54 Circadian_Clock.BMAL1:CLOCK/NPAS2_Activates_Circadian_Expression.BMAL1:CLOCK/NPAS2_Activates_Circadian_Expression
55 Circadian_Clock.Circadian_Repression_of_Expression_by_REV-ERBA.Circadian_Repression_of_Expression_by_REV-ERBA
56 Circadian_Clock.RORA_Activates_Circadian_Expression.RORA_Activates_Circadian_Expression
57 DNA_Repair.Base_Excision_Repair.Base-Excision_Repair,_AP_Site_Formation
58 DNA_Repair.Base_Excision_Repair.Resolution_of_Abasic_Sites_(AP_sites)
59 DNA_Repair.DNA_Damage_Bypass.Translesion_synthesis_by_DNA_polymerases_bypassing_lesion_on_DNA_template_
60 DNA_Repair.DNA_Damage_Reversal.DNA_Damage_Reversal
61 DNA_Repair.DNA_Damage_Reversal.Reversal_of_Alkylation_Damage_By_DNA_Dioxygenases
62 DNA_Repair.Double-Strand_Break_Repair.Homologous_Recombination_Repair
63 DNA_Repair.Double-Strand_Break_Repair.Nonhomologous_End-joining_(NHEJ)
64 DNA_Repair.Fanconi_Anemia_pathway.Fanconi_Anemia_pathway
65 DNA_Repair.Fanconi_Anemia_pathway.Regulation_of_the_Fanconi_anemia_pathway
66 DNA_Repair.Nucleotide_Excision_Repair.Global_Genomic_NER_(GG-NER)
67 DNA_Repair.Nucleotide_Excision_Repair.Transcription-coupled_NER_(TC-NER)
68 DNA_Replication.M/G1_Transition.DNA_Replication_Pre-Initiation
69 DNA_Replication.Regulation_of_DNA_replication.Association_of_licensing_factors_with_the_pre-replicative_complex
70 DNA_Replication.Regulation_of_DNA_replication.Removal_of_licensing_factors_from_origins
71 DNA_Replication.Synthesis_of_DNA.DNA_replication_initiation
72 DNA_Replication.Synthesis_of_DNA.DNA_strand_elongation
73 DNA_Replication.Synthesis_of_DNA.Switching_of_origins_to_a_post-replicative_state
74 Developmental_Biology.Axon_guidance.L1CAM_interactions
75 Developmental_Biology.Axon_guidance.NCAM_signaling_for_neurite_out-growth
76 Developmental_Biology.Axon_guidance.Netrin-1_signaling
77 Developmental_Biology.Axon_guidance.Semaphorin_interactions
78 Developmental_Biology.Axon_guidance.Signaling_by_Robo_receptor
79 Developmental_Biology.Myogenesis.CDO_in_myogenesis
80 Developmental_Biology.Regulation_of_beta-cell_development.Regulation_of_gene_expression_in_beta_cells
81 Developmental_Biology.Regulation_of_beta-cell_development.Regulation_of_gene_expression_in_early_pancreatic_precursor_cells
82 Developmental_Biology.Regulation_of_beta-cell_development.Regulation_of_gene_expression_in_endocrine-committed_(NEUROG3+)_progenitor_cells
83 Developmental_Biology.Regulation_of_beta-cell_development.Regulation_of_gene_expression_in_late_stage_(branching_morphogenesis)_pancreatic_bud_precursor_cells
84 Developmental_Biology.Signaling_by_NODAL.Signaling_by_NODAL
85 Developmental_Biology.Signaling_by_NODAL.Regulation_of_Signaling_by_NODAL
86 Developmental_Biology.Transcriptional_Regulation_of_White_Adipocyte_Differentiation.Transcriptional_Regulation_of_White_Adipocyte_Differentiation
87 Disease.Abnormal_conversion_of_2-oxoglutarate_to_2-hydroxyglutarate.Abnormal_conversion_of_2-oxoglutarate_to_2-hydroxyglutarate
88 Disease.Abnormal_metabolism_in_phenylketonuria.Abnormal_metabolism_in_phenylketonuria
89 Disease.Amyloids.Amyloids
90 Disease.Botulinum_neurotoxicity.Botulinum_neurotoxicity
91 Disease.Botulinum_neurotoxicity.Proteolytic_cleavage_of_SNARE_complex_proteins
92 Disease.Botulinum_neurotoxicity.Translocation_of_BoNT_Light_chain
93 Disease.Defects_in_vitamin_and_cofactor_metabolism.Defects_in_biotin_(Btn)_metabolism
94 Disease.Defects_in_vitamin_and_cofactor_metabolism.Defects_in_cobalamin_(B12)_metabolism
95 Disease.Diseases_associated_with_visual_transduction.Retinoid_cycle_disease_events
96 Disease.Diseases_associated_with_visual_transduction.Visual_phototransduction
97 Disease.HIV_Infection.HIV_Life_Cycle
98 Disease.HIV_Infection.Host_Interactions_of_HIV_factors
99 Disease.Influenza_Infection.Host_Interactions_with_Influenza_Factors
100 Disease.Influenza_Infection.Influenza_Life_Cycle
101 Disease.Latent_infection_of_Homo_sapiens_with_Mycobacterium_tuberculosis.Phagosomal_maturation_(early_endosomal_stage)
102 Disease.Latent_infection_of_Homo_sapiens_with_Mycobacterium_tuberculosis.Response_of_Mtb_to_phagocytosis
103 Disease.Mucopolysaccharidoses.MPS_I_-_Hurler_syndrome
104 Disease.Mucopolysaccharidoses.MPS_II_-_Hunter_syndrome
105 Disease.Mucopolysaccharidoses.MPS_IIIA_-_Sanfilippo_syndrome_A
106 Disease.Mucopolysaccharidoses.MPS_IIIB_-_Sanfilippo_syndrome_B
107 Disease.Mucopolysaccharidoses.MPS_IIIC_-_Sanfilippo_syndrome_C
108 Disease.Mucopolysaccharidoses.MPS_IIID_-_Sanfilippo_syndrome_D
109 Disease.Mucopolysaccharidoses.MPS_IV_-_Morquio_syndrome_A
110 Disease.Mucopolysaccharidoses.MPS_IV_-_Morquio_syndrome_B
111 Disease.Mucopolysaccharidoses.MPS_IX_-_Natowicz_syndrome
112 Disease.Mucopolysaccharidoses.MPS_VI_-_Maroteaux-Lamy_syndrome
113 Disease.Mucopolysaccharidoses.MPS_VII_-_Sly_syndrome
114 Disease.PI3K/AKT_Signaling_in_Cancer.Constitutive_PI3K/AKT_Signaling_in_Cancer
115 Disease.PI3K/AKT_Signaling_in_Cancer.PIP3_activates_AKT_signaling
116 Disease.Signaling_by_EGFR_in_Cancer.Signaling_by_EGFR
117 Disease.Signaling_by_EGFR_in_Cancer.Signaling_by_constitutively_active_EGFR
118 Disease.Signaling_by_FGFR_in_disease.Signaling_by_FGFR
119 Disease.Signaling_by_FGFR_in_disease.Signaling_by_FGFR_mutants
120 Disease.Signaling_by_NOTCH1_in_Cancer.FBXW7_Mutants_and_NOTCH1_in_Cancer
121 Disease.Signaling_by_NOTCH1_in_Cancer.Signaling_by_NOTCH1_HD_Domain_Mutants_in_Cancer
122 Disease.Signaling_by_NOTCH1_in_Cancer.Signaling_by_NOTCH1_HD+PEST_Domain_Mutants_in_Cancer
123 Disease.Signaling_by_NOTCH1_in_Cancer.Signaling_by_NOTCH1_PEST_Domain_Mutants_in_Cancer
124 Disease.Signaling_by_NOTCH1_in_Cancer.Signaling_by_NOTCH1_t(7;9)(NOTCH1:M1580_K2555)_Translocation_Mutant
125 Disease.Signaling_by_TGF-beta_Receptor_Complex_in_Cancer.Loss_of_Function_of_SMAD2/3_in_Cancer
126 Disease.Signaling_by_TGF-beta_Receptor_Complex_in_Cancer.Loss_of_Function_of_SMAD4_in_Cancer
127 Disease.Signaling_by_TGF-beta_Receptor_Complex_in_Cancer.Loss_of_Function_of_TGFBR1_in_Cancer
128 Disease.Signaling_by_TGF-beta_Receptor_Complex_in_Cancer.Loss_of_Function_of_TGFBR2_in_Cancer
129 Extracellular_matrix_organization.Extracellular_matrix_organization.Extracellular_matrix_organization
130 Extracellular_matrix_organization.Collagen_formation.Assembly_of_collagen_fibrils_and_other_multimeric_structures
131 Extracellular_matrix_organization.Collagen_formation.Collagen_biosynthesis_and_modifying_enzymes
132 Extracellular_matrix_organization.Degradation_of_the_extracellular_matrix.Degradation_of_the_extracellular_matrix
133 Extracellular_matrix_organization.Degradation_of_the_extracellular_matrix.Activation_of_Matrix_Metalloproteinases
134 Extracellular_matrix_organization.Degradation_of_the_extracellular_matrix.Collagen_degradation
135 Extracellular_matrix_organization.ECM_proteoglycans.ECM_proteoglycans
136 Extracellular_matrix_organization.Elastic_fibre_formation.Elastic_fibre_formation
137 Extracellular_matrix_organization.Elastic_fibre_formation.Molecules_associated_with_elastic_fibres
138 Extracellular_matrix_organization.Fibronectin_matrix_formation.Fibronectin_matrix_formation
139 Extracellular_matrix_organization.Integrin_cell_surface_interactions.Integrin_cell_surface_interactions
140 Extracellular_matrix_organization.Laminin_interactions.Laminin_interactions
141 Extracellular_matrix_organization.Non-integrin_membrane-ECM_interactions.Non-integrin_membrane-ECM_interactions
142 Extracellular_matrix_organization.Non-integrin_membrane-ECM_interactions.Syndecan_interactions
143 Gene_Expression.Binding_of_RNA_by_Insulin-like_Growth_Factor-2_mRNA_Binding_Proteins_(IGF2BPs/IMPs/VICKZs).Binding_of_RNA_by_Insulin-like_Growth_Factor-2_mRNA_Binding_Proteins_(IGF2BPs/IMPs/VICKZs)
144 Gene_Expression.Deadenylation-dependent_mRNA_decay.Deadenylation_of_mRNA
145 Gene_Expression.Deadenylation-dependent_mRNA_decay.mRNA_Decay_by_3'_to_5'_Exoribonuclease
146 Gene_Expression.Deadenylation-dependent_mRNA_decay.mRNA_Decay_by_5'_to_3'_Exoribonuclease
147 Gene_Expression.Generic_Transcription_Pathway.Generic_Transcription_Pathway
148 Gene_Expression.Generic_Transcription_Pathway.Notch-HLH_transcription_pathway
149 Gene_Expression.Generic_Transcription_Pathway.Nuclear_Receptor_transcription_pathway
150 Gene_Expression.Generic_Transcription_Pathway.Transcriptional_activity_of_SMAD2/SMAD3:SMAD4_heterotrimer
151 Gene_Expression.Generic_Transcription_Pathway.YAP1-_and_WWTR1_(TAZ)-stimulated_gene_expression
152 Gene_Expression.Metabolism_of_non-coding_RNA.snRNP_Assembly
153 Gene_Expression.Nonsense-Mediated_Decay.Nonsense_Mediated_Decay_Enhanced_by_the_Exon_Junction_Complex
154 Gene_Expression.Nonsense-Mediated_Decay.Nonsense_Mediated_Decay_Independent_of_the_Exon_Junction_Complex
155 Gene_Expression.Processing_of_Capped_Intron-Containing_Pre-mRNA.Processing_of_Capped_Intron-Containing_Pre-mRNA
156 Gene_Expression.Processing_of_Capped_Intron-Containing_Pre-mRNA.Transport_of_Mature_Transcript_to_Cytoplasm
157 Gene_Expression.Processing_of_Capped_Intron-Containing_Pre-mRNA.mRNA_3'-end_processing
158 Gene_Expression.Processing_of_Capped_Intron-Containing_Pre-mRNA.mRNA_Splicing
159 Gene_Expression.Processing_of_Capped_Intronless_Pre-mRNA.Processing_of_Intronless_Pre-mRNAs
160 Gene_Expression.Processing_of_Capped_Intronless_Pre-mRNA.SLBP_Dependent_Processing_of_Replication-Dependent_Histone_Pre-mRNAs
161 Gene_Expression.Processing_of_Capped_Intronless_Pre-mRNA.SLBP_independent_Processing_of_Histone_Pre-mRNAs
162 Gene_Expression.RNA_Polymerase_I,_RNA_Polymerase_III,_and_Mitochondrial_Transcription.RNA_Polymerase_I_Transcription
163 Gene_Expression.RNA_Polymerase_I,_RNA_Polymerase_III,_and_Mitochondrial_Transcription.RNA_Polymerase_III_Transcription
164 Gene_Expression.RNA_Polymerase_I,_RNA_Polymerase_III,_and_Mitochondrial_Transcription.Transcription_from_mitochondrial_promoters
165 Gene_Expression.RNA_Polymerase_II_Transcription.RNA_Pol_II_CTD_phosphorylation_and_interaction_with_CE
166 Gene_Expression.RNA_Polymerase_II_Transcription.RNA_Polymerase_II_Pre-transcription_Events
167 Gene_Expression.RNA_Polymerase_II_Transcription.RNA_Polymerase_II_Transcription_Elongation
168 Gene_Expression.RNA_Polymerase_II_Transcription.RNA_Polymerase_II_Transcription_Initiation_And_Promoter_Clearance
169 Gene_Expression.RNA_Polymerase_II_Transcription.RNA_Polymerase_II_Transcription_Pre-Initiation_And_Promoter_Opening
170 Gene_Expression.RNA_Polymerase_II_Transcription.RNA_Polymerase_II_Transcription_Termination
171 Gene_Expression.Regulation_of_mRNA_Stability_by_Proteins_that_Bind_AU-rich_Elements.Destabilization_of_mRNA_by_AUF1_(hnRNP_D0)
172 Gene_Expression.Regulation_of_mRNA_Stability_by_Proteins_that_Bind_AU-rich_Elements.Destabilization_of_mRNA_by_Butyrate_Response_Factor_1_(BRF1)
173 Gene_Expression.Regulation_of_mRNA_Stability_by_Proteins_that_Bind_AU-rich_Elements.Destabilization_of_mRNA_by_KSRP
174 Gene_Expression.Regulation_of_mRNA_Stability_by_Proteins_that_Bind_AU-rich_Elements.Destabilization_of_mRNA_by_Tristetraprolin_(TTP)
175 Gene_Expression.Regulation_of_mRNA_Stability_by_Proteins_that_Bind_AU-rich_Elements.Stabilization_of_mRNA_by_HuR
176 Gene_Expression.Regulatory_RNA_pathways.MicroRNA_(miRNA)_Biogenesis
177 Gene_Expression.Regulatory_RNA_pathways.Post-transcriptional_Silencing_By_Small_RNAs
178 Gene_Expression.Regulatory_RNA_pathways.Small_Interfering_RNA_(siRNA)_Biogenesis
179 Gene_Expression.Translation.Eukaryotic_Translation_Elongation
180 Gene_Expression.Translation.Eukaryotic_Translation_Initiation
181 Gene_Expression.Translation.Eukaryotic_Translation_Termination
182 Gene_Expression.Translation.SRP-dependent_cotranslational_protein_targeting_to_membrane
183 Gene_Expression.mRNA_Capping.mRNA_Capping
184 Gene_Expression.mRNA_Editing.mRNA_Editing:_A_to_I_Conversion
185 Gene_Expression.mRNA_Editing.mRNA_Editing:_C_to_U_Conversion
186 Gene_Expression.tRNA_Aminoacylation.Cytosolic_tRNA_aminoacylation
187 Gene_Expression.tRNA_Aminoacylation.Mitochondrial_tRNA_aminoacylation
188 Hemostasis.Cell_surface_interactions_at_the_vascular_wall.Cell_surface_interactions_at_the_vascular_wall
189 Hemostasis.Cell_surface_interactions_at_the_vascular_wall.Basigin_interactions
190 Hemostasis.Cell_surface_interactions_at_the_vascular_wall.PECAM1_interactions
191 Hemostasis.Cell_surface_interactions_at_the_vascular_wall.Tie2_Signaling
192 Hemostasis.Dissolution_of_Fibrin_Clot.Dissolution_of_Fibrin_Clot
193 Hemostasis.Factors_involved_in_megakaryocyte_development_and_platelet_production.Factors_involved_in_megakaryocyte_development_and_platelet_production
194 Hemostasis.Factors_involved_in_megakaryocyte_development_and_platelet_production.Kinesins
195 Hemostasis.Formation_of_Fibrin_Clot_(Clotting_Cascade).Common_Pathway
196 Hemostasis.Formation_of_Fibrin_Clot_(Clotting_Cascade).Extrinsic_Pathway
197 Hemostasis.Formation_of_Fibrin_Clot_(Clotting_Cascade).Intrinsic_Pathway
198 Hemostasis.Platelet_Adhesion_to_exposed_collagen.Platelet_Adhesion_to_exposed_collagen
199 Hemostasis.Platelet_activation,_signaling_and_aggregation.Effects_of_PIP2_hydrolysis
200 Hemostasis.Platelet_activation,_signaling_and_aggregation.GP1b-IX-V_activation_signalling
201 Hemostasis.Platelet_activation,_signaling_and_aggregation.GPVI-mediated_activation_cascade
202 Hemostasis.Platelet_activation,_signaling_and_aggregation.Platelet_Aggregation_(Plug_Formation)
203 Hemostasis.Platelet_activation,_signaling_and_aggregation.Response_to_elevated_platelet_cytosolic_Ca2+
204 Hemostasis.Platelet_activation,_signaling_and_aggregation.Signal_amplification
205 Hemostasis.Platelet_activation,_signaling_and_aggregation.Thrombin_signalling_through_proteinase_activated_receptors_(PARs)
206 Hemostasis.Platelet_homeostasis.Platelet_homeostasis
207 Hemostasis.Platelet_homeostasis.Nitric_oxide_stimulates_guanylate_cyclase
208 Hemostasis.Platelet_homeostasis.Platelet_calcium_homeostasis
209 Hemostasis.Platelet_homeostasis.Platelet_sensitization_by_LDL
210 Hemostasis.Platelet_homeostasis.Prostacyclin_signalling_through_prostacyclin_receptor
211 Immune_System.Adaptive_Immune_System.Class_I_MHC_mediated_antigen_processing_&amp;_presentation
212 Immune_System.Adaptive_Immune_System.Costimulation_by_the_CD28_family
213 Immune_System.Adaptive_Immune_System.Immunoregulatory_interactions_between_a_Lymphoid_and_a_non-Lymphoid_cell
214 Immune_System.Adaptive_Immune_System.MHC_class_II_antigen_presentation
215 Immune_System.Adaptive_Immune_System.Rap1_signalling
216 Immune_System.Adaptive_Immune_System.Signaling_by_the_B_Cell_Receptor_(BCR)
217 Immune_System.Adaptive_Immune_System.TCR_signaling
218 Immune_System.Cytokine_Signaling_in_Immune_system.Growth_hormone_receptor_signaling
219 Immune_System.Cytokine_Signaling_in_Immune_system.Interferon_Signaling
220 Immune_System.Cytokine_Signaling_in_Immune_system.Prolactin_receptor_signaling
221 Immune_System.Cytokine_Signaling_in_Immune_system.Signaling_by_Interleukins
222 Immune_System.Innate_Immune_System.Advanced_glycosylation_endproduct_receptor_signaling
223 Immune_System.Innate_Immune_System.Complement_cascade
224 Immune_System.Innate_Immune_System.Cytosolic_sensors_of_pathogen-associated_DNA_
225 Immune_System.Innate_Immune_System.DAP12_interactions
226 Immune_System.Innate_Immune_System.Defensins
227 Immune_System.Innate_Immune_System.Fc_epsilon_receptor_(FCERI)_signaling
228 Immune_System.Innate_Immune_System.Fcgamma_receptor_(FCGR)_dependent_phagocytosis
229 Immune_System.Innate_Immune_System.Nucleotide-binding_domain,_leucine_rich_repeat_containing_receptor_(NLR)_signaling_pathways
230 Immune_System.Innate_Immune_System.RIG-I/MDA5_mediated_induction_of_IFN-alpha/beta_pathways
231 Immune_System.Innate_Immune_System.Toll-Like_Receptors_Cascades
232 Ion_channel_transport.Ion_transport_by_P-type_ATPases.Ion_transport_by_P-type_ATPases
233 Ion_channel_transport.Ligand-gated_ion_channel_transport.Ligand-gated_ion_channel_transport
234 Ion_channel_transport.Stimuli-sensing_channels.Stimuli-sensing_channels
235 Ion_channel_transport.Stimuli-sensing_channels.TRP_channels
236 Iron_uptake_and_transport.Iron_uptake_and_transport.Iron_uptake_and_transport
237 Iron_uptake_and_transport.Transferrin_endocytosis_and_recycling.Transferrin_endocytosis_and_recycling
238 Meiosis.Meiotic_Recombination.Meiotic_Recombination
239 Meiosis.Meiotic_Synapsis.Meiotic_Synapsis
240 Membrane_Trafficking.ER_to_Golgi_Transport.COPII_(Coat_Protein_2)_Mediated_Vesicle_Transport
241 Membrane_Trafficking.Endosomal_Sorting_Complex_Required_For_Transport_(ESCRT).Endosomal_Sorting_Complex_Required_For_Transport_(ESCRT)
242 Membrane_Trafficking.Gap_junction_trafficking_and_regulation.Gap_junction_trafficking
243 Membrane_Trafficking.Gap_junction_trafficking_and_regulation.Regulation_of_gap_junction_activity
244 Membrane_Trafficking.Golgi_to_ER_Retrograde_Transport.COPI_Mediated_Transport
245 Membrane_Trafficking.Translocation_of_GLUT4_to_the_Plasma_Membrane.Translocation_of_GLUT4_to_the_Plasma_Membrane
246 Membrane_Trafficking.trans-Golgi_Network_Vesicle_Budding.Clathrin_derived_vesicle_budding
247 Metabolism.Abacavir_transport_and_metabolism.Abacavir_metabolism
248 Metabolism.Abacavir_transport_and_metabolism.Abacavir_transmembrane_transport
249 Metabolism.Biological_oxidations.Phase_1_-_Functionalization_of_compounds
250 Metabolism.Biological_oxidations.Phase_II_conjugation
251 Metabolism.Cytosolic_Iron-sulfur_Cluster_Assembly.Cytosolic_Iron-sulfur_Cluster_Assembly
252 Metabolism.Inositol_phosphate_metabolism.IP3_and_IP4_transport_between_cytosol_and_nucleus
253 Metabolism.Inositol_phosphate_metabolism.IP6_and_IP7_transport_between_cytosol_and_nucleus
254 Metabolism.Inositol_phosphate_metabolism.IPs_transport_between_ER_lumen_and_cytosol
255 Metabolism.Inositol_phosphate_metabolism.IPs_transport_between_ER_lumen_and_nucleus
256 Metabolism.Inositol_phosphate_metabolism.IPs_transport_between_cytosol_and_ER_lumen
257 Metabolism.Inositol_phosphate_metabolism.IPs_transport_between_nucleus_and_ER_lumen
258 Metabolism.Inositol_phosphate_metabolism.IPs_transport_between_nucleus_and_cytosol
259 Metabolism.Inositol_phosphate_metabolism.Synthesis_of_IP2,_IP,_and_Ins_in_the_cytosol
260 Metabolism.Inositol_phosphate_metabolism.Synthesis_of_IP3_and_IP4_in_the_cytosol
261 Metabolism.Inositol_phosphate_metabolism.Synthesis_of_IPs_in_the_ER_lumen
262 Metabolism.Inositol_phosphate_metabolism.Synthesis_of_IPs_in_the_nucleus
263 Metabolism.Inositol_phosphate_metabolism.Synthesis_of_pyrophosphates_in_the_cytosol
264 Metabolism.Integration_of_energy_metabolism.Integration_of_energy_metabolism
265 Metabolism.Integration_of_energy_metabolism.AMPK_inhibits_chREBP_transcriptional_activation_activity
266 Metabolism.Integration_of_energy_metabolism.ChREBP_activates_metabolic_gene_expression
267 Metabolism.Integration_of_energy_metabolism.Glucagon_signaling_in_metabolic_regulation
268 Metabolism.Integration_of_energy_metabolism.Insulin_effects_increased_synthesis_of_Xylulose-5-Phosphate
269 Metabolism.Integration_of_energy_metabolism.PKA-mediated_phosphorylation_of_key_metabolic_factors
270 Metabolism.Integration_of_energy_metabolism.PP2A-mediated_dephosphorylation_of_key_metabolic_factors
271 Metabolism.Integration_of_energy_metabolism.Regulation_of_Insulin_Secretion
272 Metabolism.Metabolism_of_amino_acids_and_derivatives.Amine-derived_hormones
273 Metabolism.Metabolism_of_amino_acids_and_derivatives.Amino_acid_synthesis_and_interconversion_(transamination)
274 Metabolism.Metabolism_of_amino_acids_and_derivatives.Branched-chain_amino_acid_catabolism
275 Metabolism.Metabolism_of_amino_acids_and_derivatives.Carnitine_synthesis
276 Metabolism.Metabolism_of_amino_acids_and_derivatives.Creatine_metabolism
277 Metabolism.Metabolism_of_amino_acids_and_derivatives.Glyoxylate_metabolism
278 Metabolism.Metabolism_of_amino_acids_and_derivatives.Histidine_catabolism
279 Metabolism.Metabolism_of_amino_acids_and_derivatives.Lysine_catabolism
280 Metabolism.Metabolism_of_amino_acids_and_derivatives.Metabolism_of_polyamines
281 Metabolism.Metabolism_of_amino_acids_and_derivatives.Phenylalanine_and_tyrosine_catabolism
282 Metabolism.Metabolism_of_amino_acids_and_derivatives.Proline_catabolism
283 Metabolism.Metabolism_of_amino_acids_and_derivatives.Regulation_of_ornithine_decarboxylase_(ODC)
284 Metabolism.Metabolism_of_amino_acids_and_derivatives.Sulfur_amino_acid_metabolism
285 Metabolism.Metabolism_of_amino_acids_and_derivatives.Tryptophan_catabolism
286 Metabolism.Metabolism_of_amino_acids_and_derivatives.Urea_cycle
287 Metabolism.Metabolism_of_carbohydrates.5-Phosphoribose_1-diphosphate_biosynthesis
288 Metabolism.Metabolism_of_carbohydrates.Digestion_of_dietary_carbohydrate
289 Metabolism.Metabolism_of_carbohydrates.Fructose_catabolism
290 Metabolism.Metabolism_of_carbohydrates.Galactose_catabolism
291 Metabolism.Metabolism_of_carbohydrates.Glucose_metabolism
292 Metabolism.Metabolism_of_carbohydrates.Glycosaminoglycan_metabolism
293 Metabolism.Metabolism_of_carbohydrates.Hexose_transport
294 Metabolism.Metabolism_of_carbohydrates.Pentose_phosphate_pathway_(hexose_monophosphate_shunt)
295 Metabolism.Metabolism_of_lipids_and_lipoproteins.Arachidonic_acid_metabolism
296 Metabolism.Metabolism_of_lipids_and_lipoproteins.Bile_acid_and_bile_salt_metabolism
297 Metabolism.Metabolism_of_lipids_and_lipoproteins.Cholesterol_biosynthesis
298 Metabolism.Metabolism_of_lipids_and_lipoproteins.Fatty_acid,_triacylglycerol,_and_ketone_body_metabolism
299 Metabolism.Metabolism_of_lipids_and_lipoproteins.Lipid_digestion,_mobilization,_and_transport
300 Metabolism.Metabolism_of_lipids_and_lipoproteins.Metabolism_of_steroid_hormones_and_vitamin_D
301 Metabolism.Metabolism_of_lipids_and_lipoproteins.Peroxisomal_lipid_metabolism
302 Metabolism.Metabolism_of_lipids_and_lipoproteins.Phospholipid_metabolism
303 Metabolism.Metabolism_of_lipids_and_lipoproteins.Regulation_of_Cholesterol_Biosynthesis_by_SREBP_(SREBF)
304 Metabolism.Metabolism_of_lipids_and_lipoproteins.Sphingolipid_metabolism
305 Metabolism.Metabolism_of_lipids_and_lipoproteins.Ubiquinol_biosynthesis
306 Metabolism.Metabolism_of_lipids_and_lipoproteins.alpha-linolenic_(omega3)_and_linoleic_(omega6)_acid_metabolism
307 Metabolism.Metabolism_of_nitric_oxide.eNOS_activation_and_regulation
308 Metabolism.Metabolism_of_nucleotides.Metabolism_of_nucleotides
309 Metabolism.Metabolism_of_nucleotides.Phosphate_bond_hydrolysis_by_NUDT_proteins
310 Metabolism.Metabolism_of_nucleotides.Purine_metabolism
311 Metabolism.Metabolism_of_nucleotides.Pyrimidine_metabolism
312 Metabolism.Metabolism_of_nucleotides.Synthesis_and_interconversion_of_nucleotide_di-_and_triphosphates
313 Metabolism.Metabolism_of_porphyrins.Heme_biosynthesis
314 Metabolism.Metabolism_of_porphyrins.Heme_degradation
315 Metabolism.Metabolism_of_vitamins_and_cofactors.Metabolism_of_water-soluble_vitamins_and_cofactors
316 Metabolism.Mitochondrial_Iron-Sulfur_Cluster_Biogenesis.Mitochondrial_Iron-Sulfur_Cluster_Biogenesis
317 Metabolism.Mitochondrial_Iron-Sulfur_Cluster_Biogenesis.Electron_Transport_from_NADPH_to_Ferredoxin
318 Metabolism.O2/CO2_exchange_in_erythrocytes.Uptake_of_Carbon_Dioxide_and_Release_of_Oxygen_by_Erythrocytes
319 Metabolism.O2/CO2_exchange_in_erythrocytes.Uptake_of_Oxygen_and_Release_of_Carbon_Dioxide_by_Erythrocytes
320 Metabolism.Reversible_Hydration_of_Carbon_Dioxide.Reversible_Hydration_of_Carbon_Dioxide
321 Metabolism.The_citric_acid_(TCA)_cycle_and_respiratory_electron_transport.Pyruvate_metabolism_and_Citric_Acid_(TCA)_cycle
322 Metabolism.The_citric_acid_(TCA)_cycle_and_respiratory_electron_transport.Respiratory_electron_transport,_ATP_synthesis_by_chemiosmotic_coupling,_and_heat_production_by_uncoupling_proteins
323 Metabolism_of_proteins.Mitochondrial_Protein_Import.Mitochondrial_Protein_Import
324 Metabolism_of_proteins.Peptide_hormone_metabolism.Incretin_Synthesis,_Secretion,_and_Inactivation
325 Metabolism_of_proteins.Peptide_hormone_metabolism.Insulin_Processing
326 Metabolism_of_proteins.Peptide_hormone_metabolism.Metabolism_of_Angiotensinogen_to_Angiotensins
327 Metabolism_of_proteins.Peptide_hormone_metabolism.Peptide_hormone_biosynthesis
328 Metabolism_of_proteins.Peptide_hormone_metabolism.Synthesis,_Secretion,_and_Deacylation_of_Ghrelin
329 Metabolism_of_proteins.Post-translational_protein_modification.Asparagine_N-linked_glycosylation
330 Metabolism_of_proteins.Post-translational_protein_modification.O-linked_glycosylation_of_mucins
331 Metabolism_of_proteins.Post-translational_protein_modification.PTM:_gamma_carboxylation,_hypusine_formation_and_arylsulfatase_activation
332 Metabolism_of_proteins.Post-translational_protein_modification.Post-translational_modification:_synthesis_of_GPI-anchored_proteins
333 Metabolism_of_proteins.Post-translational_protein_modification.SUMOylation
334 Metabolism_of_proteins.Protein_folding.Chaperonin-mediated_protein_folding
335 Metabolism_of_proteins.Protein_folding.Post-chaperonin_tubulin_folding_pathway
336 Metabolism_of_proteins.Regulation_of_Insulin-like_Growth_Factor_(IGF)_Transport_and_Uptake_by_Insulin-like_Growth_Factor_Binding_Proteins_(IGFBPs).Regulation_of_Insulin-like_Growth_Factor_(IGF)_Transport_and_Uptake_by_Insulin-like_Growth_Factor_Binding_Proteins_(IGFBPs)
337 Metabolism_of_proteins.Translation.Eukaryotic_Translation_Elongation
338 Metabolism_of_proteins.Translation.Eukaryotic_Translation_Initiation
339 Metabolism_of_proteins.Translation.Eukaryotic_Translation_Termination
340 Metabolism_of_proteins.Translation.SRP-dependent_cotranslational_protein_targeting_to_membrane
341 Metabolism_of_proteins.Unfolded_Protein_Response.Activation_of_Chaperones_by_ATF6-alpha
342 Metabolism_of_proteins.Unfolded_Protein_Response.Activation_of_Chaperones_by_IRE1alpha
343 Metabolism_of_proteins.Unfolded_Protein_Response.PERK_regulated_gene_expression
344 Muscle_contraction.Smooth_Muscle_Contraction.Smooth_Muscle_Contraction
345 Muscle_contraction.Striated_Muscle_Contraction.Striated_Muscle_Contraction
346 Neuronal_System.Botulinum_neurotoxicity.Botulinum_neurotoxicity
347 Neuronal_System.Botulinum_neurotoxicity.Proteolytic_cleavage_of_SNARE_complex_proteins
348 Neuronal_System.Botulinum_neurotoxicity.Translocation_of_BoNT_Light_chain
349 Neuronal_System.Potassium_Channels.Ca2+_activated_K+_channels
350 Neuronal_System.Potassium_Channels.HCN_channels
351 Neuronal_System.Potassium_Channels.Inwardly_rectifying_K+_channels
352 Neuronal_System.Potassium_Channels.Tandem_pore_domain_potassium_channels
353 Neuronal_System.Potassium_Channels.Voltage_gated_Potassium_channels
354 Neuronal_System.Transmission_across_Chemical_Synapses.Depolarization_of_the_Presynaptic_Terminal_Triggers_the_Opening_of_Calcium_Channels
355 Neuronal_System.Transmission_across_Chemical_Synapses.Neurotransmitter_Clearance_In_The_Synaptic_Cleft
356 Neuronal_System.Transmission_across_Chemical_Synapses.Neurotransmitter_Receptor_Binding_And_Downstream_Transmission_In_The__Postsynaptic_Cell
357 Neuronal_System.Transmission_across_Chemical_Synapses.Neurotransmitter_Release_Cycle
358 Neuronal_System.Transmission_across_Chemical_Synapses.Neurotransmitter_uptake_and_Metabolism_In_Glial_Cells
359 Neuronal_System.Transmission_across_Electrical_Synapses_.Electric_Transmission_Across_Gap_Junctions
360 Processing_and_Activation_of_SUMO.Conjugation_of_SUMO_to_E1_(UBA2:SAE1).Conjugation_of_SUMO_to_E1_(UBA2:SAE1)
361 Processing_and_Activation_of_SUMO.Proteolytic_Processing_of_SUMO.Proteolytic_Processing_of_SUMO
362 Processing_and_Activation_of_SUMO.Transfer_of_SUMO_from_E1_to_E2_(UBE2I,_UBC9).Transfer_of_SUMO_from_E1_to_E2_(UBE2I,_UBC9)
363 Reproduction.Fertilization.Acrosome_Reaction
364 Reproduction.Fertilization.Interaction_With_Cumulus_Cells
365 Reproduction.Fertilization.Interaction_With_The_Zona_Pellucida
366 Reproduction.Fertilization.Sperm_Motility_And_Taxes
367 Reproduction.Fertilization.Sperm:Oocyte_Membrane_Binding
368 SLC-mediated_transmembrane_transport.Hexose_transport.Hexose_transport
369 SLC-mediated_transmembrane_transport.Hexose_transport.Glucose_transport
370 SLC-mediated_transmembrane_transport.Transport_of_glucose_and_other_sugars,_bile_salts_and_organic_acids,_metal_ions_and_amine_compounds.Transport_of_glucose_and_other_sugars,_bile_salts_and_organic_acids,_metal_ions_and_amine_compounds
371 SLC-mediated_transmembrane_transport.Transport_of_glucose_and_other_sugars,_bile_salts_and_organic_acids,_metal_ions_and_amine_compounds.Facilitative_Na+-independent_glucose_transporters
372 SLC-mediated_transmembrane_transport.Transport_of_glucose_and_other_sugars,_bile_salts_and_organic_acids,_metal_ions_and_amine_compounds.Inositol_transporters
373 SLC-mediated_transmembrane_transport.Transport_of_glucose_and_other_sugars,_bile_salts_and_organic_acids,_metal_ions_and_amine_compounds.Metal_ion_SLC_transporters
374 SLC-mediated_transmembrane_transport.Transport_of_glucose_and_other_sugars,_bile_salts_and_organic_acids,_metal_ions_and_amine_compounds.Na+-dependent_glucose_transporters
375 SLC-mediated_transmembrane_transport.Transport_of_glucose_and_other_sugars,_bile_salts_and_organic_acids,_metal_ions_and_amine_compounds.Na+/Cl-_dependent_neurotransmitter_transporters
376 SLC-mediated_transmembrane_transport.Transport_of_glucose_and_other_sugars,_bile_salts_and_organic_acids,_metal_ions_and_amine_compounds.Organic_cation/anion/zwitterion_transport
377 SLC-mediated_transmembrane_transport.Transport_of_glucose_and_other_sugars,_bile_salts_and_organic_acids,_metal_ions_and_amine_compounds.Proton-coupled_monocarboxylate_transport
378 SLC-mediated_transmembrane_transport.Transport_of_glucose_and_other_sugars,_bile_salts_and_organic_acids,_metal_ions_and_amine_compounds.Rhesus_glycoproteins_mediate_ammonium_transport
379 SLC-mediated_transmembrane_transport.Transport_of_glucose_and_other_sugars,_bile_salts_and_organic_acids,_metal_ions_and_amine_compounds.Sodium-coupled_sulphate,_di-_and_tri-carboxylate_transporters
380 SLC-mediated_transmembrane_transport.Transport_of_inorganic_cations/anions_and_amino_acids/oligopeptides.Transport_of_inorganic_cations/anions_and_amino_acids/oligopeptides
381 SLC-mediated_transmembrane_transport.Transport_of_inorganic_cations/anions_and_amino_acids/oligopeptides.Amino_acid_transport_across_the_plasma_membrane
382 SLC-mediated_transmembrane_transport.Transport_of_inorganic_cations/anions_and_amino_acids/oligopeptides.Bicarbonate_transporters
383 SLC-mediated_transmembrane_transport.Transport_of_inorganic_cations/anions_and_amino_acids/oligopeptides.Cation-coupled_Chloride_cotransporters
384 SLC-mediated_transmembrane_transport.Transport_of_inorganic_cations/anions_and_amino_acids/oligopeptides.Multifunctional_anion_exchangers
385 SLC-mediated_transmembrane_transport.Transport_of_inorganic_cations/anions_and_amino_acids/oligopeptides.Organic_anion_transporters
386 SLC-mediated_transmembrane_transport.Transport_of_inorganic_cations/anions_and_amino_acids/oligopeptides.Proton-coupled_neutral_amino_acid_transporters
387 SLC-mediated_transmembrane_transport.Transport_of_inorganic_cations/anions_and_amino_acids/oligopeptides.Proton/oligonucleotide_cotransporters
388 SLC-mediated_transmembrane_transport.Transport_of_inorganic_cations/anions_and_amino_acids/oligopeptides.Sodium-coupled_phosphate_cotransporters
389 SLC-mediated_transmembrane_transport.Transport_of_inorganic_cations/anions_and_amino_acids/oligopeptides.Sodium/Calcium_exchangers
390 SLC-mediated_transmembrane_transport.Transport_of_inorganic_cations/anions_and_amino_acids/oligopeptides.Sodium/Proton_exchangers
391 SLC-mediated_transmembrane_transport.Transport_of_vitamins,_nucleosides,_and_related_molecules.Transport_of_vitamins,_nucleosides,_and_related_molecules
392 SLC-mediated_transmembrane_transport.Transport_of_vitamins,_nucleosides,_and_related_molecules.Transport_of_fatty_acids
393 SLC-mediated_transmembrane_transport.Transport_of_vitamins,_nucleosides,_and_related_molecules.Transport_of_nucleosides_and_free_purine_and_pyrimidine_bases_across_the_plasma_membrane
394 SLC-mediated_transmembrane_transport.Transport_of_vitamins,_nucleosides,_and_related_molecules.Transport_of_nucleotide_sugars
395 SLC-mediated_transmembrane_transport.Transport_of_vitamins,_nucleosides,_and_related_molecules.Transport_of_organic_anions
396 SUMOylation.Processing_and_Activation_of_SUMO.Conjugation_of_SUMO_to_E1_(UBA2:SAE1)
397 SUMOylation.Processing_and_Activation_of_SUMO.Proteolytic_Processing_of_SUMO
398 SUMOylation.Processing_and_Activation_of_SUMO.Transfer_of_SUMO_from_E1_to_E2_(UBE2I,_UBC9)
399 Signal_Transduction.DAG_and_IP3_signaling.DAG_and_IP3_signaling
400 Signal_Transduction.DAG_and_IP3_signaling.CaM_pathway
401 Signal_Transduction.Integrin_alphaIIb_beta3_signaling.Integrin_alphaIIb_beta3_signaling
402 Signal_Transduction.Integrin_alphaIIb_beta3_signaling.GRB2:SOS_provides_linkage_to_MAPK_signaling_for_Intergrins_
403 Signal_Transduction.Integrin_alphaIIb_beta3_signaling.p130Cas_linkage_to_MAPK_signaling_for_integrins
404 Signal_Transduction.PIP3_activates_AKT_signaling.PIP3_activates_AKT_signaling
405 Signal_Transduction.PIP3_activates_AKT_signaling.AKT_phosphorylates_targets_in_the_cytosol
406 Signal_Transduction.PIP3_activates_AKT_signaling.AKT_phosphorylates_targets_in_the_nucleus
407 Signal_Transduction.PIP3_activates_AKT_signaling.Negative_regulation_of_the_PI3K/AKT_network
408 Signal_Transduction.RAF/MAP_kinase_cascade.ERK_activation
409 Signal_Transduction.RAF/MAP_kinase_cascade.MEK_activation
410 Signal_Transduction.RAF/MAP_kinase_cascade.RAF_activation
411 Signal_Transduction.Signaling_by_Activin.Signaling_by_Activin
412 Signal_Transduction.Signaling_by_Activin.Antagonism_of_Activin_by_Follistatin
413 Signal_Transduction.Signaling_by_BMP.Signaling_by_BMP
414 Signal_Transduction.Signaling_by_EGFR.Signaling_by_EGFR
415 Signal_Transduction.Signaling_by_EGFR.EGFR_downregulation
416 Signal_Transduction.Signaling_by_EGFR.EGFR_interacts_with_phospholipase_C-gamma
417 Signal_Transduction.Signaling_by_EGFR.GAB1_signalosome
418 Signal_Transduction.Signaling_by_EGFR.GRB2_events_in_EGFR_signaling
419 Signal_Transduction.Signaling_by_EGFR.SHC1_events_in_EGFR_signaling
420 Signal_Transduction.Signaling_by_ERBB2.Signaling_by_ERBB2
421 Signal_Transduction.Signaling_by_ERBB2.Downregulation_of_ERBB2:ERBB3_signaling
422 Signal_Transduction.Signaling_by_ERBB2.GRB2_events_in_ERBB2_signaling
423 Signal_Transduction.Signaling_by_ERBB2.GRB7_events_in_ERBB2_signaling
424 Signal_Transduction.Signaling_by_ERBB2.PI3K_events_in_ERBB2_signaling
425 Signal_Transduction.Signaling_by_ERBB2.PLCG1_events_in_ERBB2_signaling
426 Signal_Transduction.Signaling_by_ERBB2.SHC1_events_in_ERBB2_signaling
427 Signal_Transduction.Signaling_by_ERBB4.Signaling_by_ERBB4
428 Signal_Transduction.Signaling_by_ERBB4.Downregulation_of_ERBB4_signaling
429 Signal_Transduction.Signaling_by_ERBB4.Nuclear_signaling_by_ERBB4
430 Signal_Transduction.Signaling_by_ERBB4.PI3K_events_in_ERBB4_signaling
431 Signal_Transduction.Signaling_by_ERBB4.SHC1_events_in_ERBB4_signaling
432 Signal_Transduction.Signaling_by_FGFR.Signaling_by_FGFR
433 Signal_Transduction.Signaling_by_FGFR.Downstream_signaling_of_activated_FGFR
434 Signal_Transduction.Signaling_by_FGFR.FGFR_ligand_binding_and_activation
435 Signal_Transduction.Signaling_by_FGFR.Negative_regulation_of_FGFR_signaling
436 Signal_Transduction.Signaling_by_GPCR.GPCR_downstream_signaling
437 Signal_Transduction.Signaling_by_GPCR.GPCR_ligand_binding
438 Signal_Transduction.Signaling_by_GPCR.Gastrin-CREB_signalling_pathway_via_PKC_and_MAPK
439 Signal_Transduction.Signaling_by_GPCR.Opioid_Signalling
440 Signal_Transduction.Signaling_by_Hippo.Signaling_by_Hippo
441 Signal_Transduction.Signaling_by_Insulin_receptor.Signaling_by_Insulin_receptor
442 Signal_Transduction.Signaling_by_Insulin_receptor.Insulin_receptor_recycling
443 Signal_Transduction.Signaling_by_Insulin_receptor.Insulin_receptor_signalling_cascade
444 Signal_Transduction.Signaling_by_Leptin.Signaling_by_Leptin
445 Signal_Transduction.Signaling_by_Leptin.RAF/MAP_kinase_cascade
446 Signal_Transduction.Signaling_by_NOTCH.Pre-NOTCH_Expression_and_Processing
447 Signal_Transduction.Signaling_by_NOTCH.Signaling_by_NOTCH1
448 Signal_Transduction.Signaling_by_NOTCH.Signaling_by_NOTCH2
449 Signal_Transduction.Signaling_by_NOTCH.Signaling_by_NOTCH3
450 Signal_Transduction.Signaling_by_NOTCH.Signaling_by_NOTCH4
451 Signal_Transduction.Signaling_by_PDGF.Signaling_by_PDGF
452 Signal_Transduction.Signaling_by_PDGF.Downstream_signal_transduction
453 Signal_Transduction.Signaling_by_Rho_GTPases.Rho_GTPase_cycle
454 Signal_Transduction.Signaling_by_SCF-KIT.Signaling_by_SCF-KIT
455 Signal_Transduction.Signaling_by_SCF-KIT.PIP3_activates_AKT_signaling
456 Signal_Transduction.Signaling_by_SCF-KIT.RAF/MAP_kinase_cascade
457 Signal_Transduction.Signaling_by_SCF-KIT.Regulation_of_KIT_signaling
458 Signal_Transduction.Signaling_by_TGF-beta_Receptor_Complex.TGF-beta_receptor_signaling_activates_SMADs
459 Signal_Transduction.Signaling_by_TGF-beta_Receptor_Complex.TGF-beta_receptor_signaling_in_EMT_(epithelial_to_mesenchymal_transition)
460 Signal_Transduction.Signaling_by_TGF-beta_Receptor_Complex.Transcriptional_activity_of_SMAD2/SMAD3:SMAD4_heterotrimer
461 Signal_Transduction.Signaling_by_Type_1_Insulin-like_Growth_Factor_1_Receptor_(IGF1R).Signaling_by_Type_1_Insulin-like_Growth_Factor_1_Receptor_(IGF1R)
462 Signal_Transduction.Signaling_by_Type_1_Insulin-like_Growth_Factor_1_Receptor_(IGF1R).IGF1R_signaling_cascade
463 Signal_Transduction.Signaling_by_VEGF.VEGF_ligand-receptor_interactions
464 Signal_Transduction.Signaling_by_Wnt.Degradation_of_beta-catenin_by_the_destruction_complex
465 Signal_Transduction.Signaling_by_Wnt.WNT_ligand_biogenesis_and_trafficking
466 Signal_Transduction.Signalling_by_NGF.NGF_processing
467 Signal_Transduction.Signalling_by_NGF.NGF_signalling_via_TRKA_from_the_plasma_membrane
468 Signal_Transduction.Signalling_by_NGF.p75_NTR_receptor-mediated_signalling
469 Signal_Transduction.Visual_phototransduction.Retinoid_metabolism_and_transport
470 Signal_Transduction.Visual_phototransduction.The_canonical_retinoid_cycle_in_rods_(twilight_vision)
471 Signal_Transduction.Visual_phototransduction.The_phototransduction_cascade
472 Signal_Transduction.Visual_phototransduction.The_retinoid_cycle_in_cones_(daylight_vision)
473 Transmembrane_transport_of_small_molecules.ABC-family_proteins_mediated_transport.ABC-family_proteins_mediated_transport
474 Transmembrane_transport_of_small_molecules.ABC-family_proteins_mediated_transport.ABCA_transporters_in_lipid_homeostasis
475 Transmembrane_transport_of_small_molecules.ABC-family_proteins_mediated_transport.Mitochondrial_ABC_transporters
476 Transmembrane_transport_of_small_molecules.Aquaporin-mediated_transport.Passive_Transport_by_Aquaporins
477 Transmembrane_transport_of_small_molecules.Aquaporin-mediated_transport.Regulation_of_Water_Balance_by_Renal_Aquaporins
478 Transmembrane_transport_of_small_molecules.Aquaporin-mediated_transport.Transport_of_Glycerol_from_Adipocytes_to_the_Liver_by_Aquaporins
479 Transmembrane_transport_of_small_molecules.Ion_channel_transport.Ion_transport_by_P-type_ATPases
480 Transmembrane_transport_of_small_molecules.Ion_channel_transport.Ligand-gated_ion_channel_transport
481 Transmembrane_transport_of_small_molecules.Ion_channel_transport.Stimuli-sensing_channels
482 Transmembrane_transport_of_small_molecules.Iron_uptake_and_transport.Iron_uptake_and_transport
483 Transmembrane_transport_of_small_molecules.Iron_uptake_and_transport.Transferrin_endocytosis_and_recycling
484 Transmembrane_transport_of_small_molecules.SLC-mediated_transmembrane_transport.Hexose_transport
485 Transmembrane_transport_of_small_molecules.SLC-mediated_transmembrane_transport.Transport_of_glucose_and_other_sugars,_bile_salts_and_organic_acids,_metal_ions_and_amine_compounds
486 Transmembrane_transport_of_small_molecules.SLC-mediated_transmembrane_transport.Transport_of_inorganic_cations/anions_and_amino_acids/oligopeptides
487 Transmembrane_transport_of_small_molecules.SLC-mediated_transmembrane_transport.Transport_of_vitamins,_nucleosides,_and_related_molecules
