298 299
0 1
0 299
1 299
266 298
266 264
298 264
298 301
298 306
301 306
308 310
11 15
308 311
405 14
405 114
405 225
405 452
405 433
405 227
405 417
405 467
405 229
405 424
405 430
405 115
405 20
405 116
405 420
405 427
405 118
405 451
405 454
405 216
14 114
14 225
14 452
14 433
14 227
14 417
14 467
14 229
14 424
14 430
14 115
14 20
14 116
14 420
14 427
14 118
14 451
14 454
14 216
114 225
114 452
114 433
114 227
114 417
114 467
114 229
114 424
114 430
114 115
114 20
114 116
114 420
114 427
114 118
114 451
114 454
114 216
225 452
225 433
225 227
225 417
225 467
225 229
225 424
225 430
225 115
225 20
225 116
225 420
225 427
225 118
225 451
225 454
225 216
452 433
452 227
452 417
452 467
452 229
452 424
452 430
452 115
452 20
452 116
452 420
452 427
452 118
452 451
452 454
452 216
433 227
433 417
433 467
433 229
433 424
433 430
433 115
433 20
433 116
433 420
433 427
433 118
433 451
433 454
433 216
227 417
227 467
227 229
227 424
227 430
227 115
227 20
227 116
227 420
227 427
227 118
227 451
227 454
227 216
417 467
417 229
417 424
417 430
417 115
417 20
417 116
417 420
417 427
417 118
417 451
417 454
417 216
467 229
467 424
467 430
467 115
467 20
467 116
467 420
467 427
467 118
467 451
467 454
467 216
229 424
229 430
229 115
229 20
229 116
229 420
229 427
229 118
229 451
229 454
229 216
424 430
424 115
424 20
424 116
424 420
424 427
424 118
424 451
424 454
424 216
430 115
430 20
430 116
430 420
430 427
430 118
430 451
430 454
430 216
115 20
115 116
115 420
115 427
115 118
115 451
115 454
115 216
20 116
20 420
20 427
20 118
20 451
20 454
20 216
116 420
116 427
116 118
116 451
116 454
116 216
420 427
420 118
420 451
420 454
420 216
427 118
427 451
427 454
427 216
118 451
118 454
118 216
451 454
451 216
454 216
48 29
48 34
48 38
29 34
29 38
34 38
48 68
48 193
48 29
48 30
48 33
48 238
48 34
48 35
48 36
48 37
48 70
48 38
48 51
48 73
68 193
68 29
68 30
68 33
68 238
68 34
68 35
68 36
68 37
68 70
68 38
68 51
68 73
193 29
193 30
193 33
193 238
193 34
193 35
193 36
193 37
193 70
193 38
193 51
193 73
29 30
29 33
29 238
29 34
29 35
29 36
29 37
29 70
29 38
29 51
29 73
30 33
30 238
30 34
30 35
30 36
30 37
30 70
30 38
30 51
30 73
33 238
33 34
33 35
33 36
33 37
33 70
33 38
33 51
33 73
238 34
238 35
238 36
238 37
238 70
238 38
238 51
238 73
34 35
34 36
34 37
34 70
34 38
34 51
34 73
35 36
35 37
35 70
35 38
35 51
35 73
36 37
36 70
36 38
36 51
36 73
37 70
37 38
37 51
37 73
70 38
70 51
70 73
38 51
38 73
51 73
14 17
14 322
17 322
14 17
11 214
0 1
179 180
179 181
179 153
179 154
179 182
180 181
180 153
180 154
180 182
181 153
181 154
181 182
153 154
153 182
154 182
179 180
179 181
179 153
179 154
179 182
180 181
180 153
180 154
180 182
181 153
181 154
181 182
153 154
153 182
154 182
179 180
179 181
179 153
179 154
179 182
180 181
180 153
180 154
180 182
181 153
181 154
181 182
153 154
153 182
154 182
179 180
179 181
179 153
179 154
179 182
180 181
180 153
180 154
180 182
181 153
181 154
181 182
153 154
153 182
154 182
5 3
5 74
5 75
5 46
3 74
3 75
3 46
74 75
74 46
75 46
